<?xml version="1.0" encoding="UTF-8"?>
<!-- Generated by org.testng.reporters.JUnitReportReporter -->
<testsuite hostname="LAPTOP-53AQKTGU" failures="0" tests="1" name="project.Website" time="33.465" errors="0" timestamp="2023-09-26T18:39:45 IST" skipped="0">
  <testcase classname="project.Website" name="Website" time="33.465"/>
</testsuite> <!-- project.Website -->
